- role: generic
  ref: ref-gar770u3i5f
  name: 'OCR Result: c9c2184db3e2483fbd406a8ae3bf8f11.png'
  children:
  - role: generic
    ref: ref-u7v6ahzpk42
    children:
    - role: text
      name: 'Source Image: c9c2184db3e2483fbd406a8ae3bf8f11.png'
      ref: ref-n7h9a1e94eu
    - role: text
      name: 'Language: en'
      ref: ref-3kxmlfddieu
  - role: generic
    ref: ref-9lpdn97bw6b
    children:
    - role: text
      name: nvidia/Nemotron-Math-v2
      ref: ref-3cpq48e4fbi
      bbox:
        x_min: 56
        y_min: 59
        x_max: 442
        y_max: 86
    - role: text
      name: PreviewUpdated 2 days ago7.14k107
      ref: ref-9tawg20f4ao
      bbox:
        x_min: 49
        y_min: 99
        x_max: 591
        y_max: 125
