(cellpy) - Loading raw-file: C:\Users\tomoo\Dropbox\Programming\MyChem\data\AlOTf-BIm_18_GCPL_-17_-03_Pt_Al_C07.mpr
(cellpy) - 
Could not set custom log-dir - non-existing directory
Dir: C:\Users\tomoo\Dropbox\Programming\MyChem\mychem\Biologic\cellpy_data\logs
Using current directory instead: c:\Users\tomoo\Dropbox\Programming\MyChem\mychem\Biologic
(cellpy) - Loading raw-file: C:\Users\tomoo\Dropbox\Programming\MyChem\data\AlOTf_BIm_18_GCPL_-17_-03_Pt_Al_C07.mpr
(cellpy) - 
Could not set custom log-dir - non-existing directory
Dir: C:\Users\tomoo\Dropbox\Programming\MyChem\mychem\Biologic\cellpy_data\logs
Using current directory instead: c:\Users\tomoo\Dropbox\Programming\MyChem\mychem\Biologic
(cellpy) - Loading raw-file: C:\Users\tomoo\Dropbox\Programming\MyChem\data\test.mpr
(cellpy) - 
Could not set custom log-dir - non-existing directory
Dir: C:\Users\tomoo\Dropbox\Programming\MyChem\mychem\Biologic\cellpy_data\logs
Using current directory instead: c:\Users\tomoo\Dropbox\Programming\MyChem\mychem\Biologic
(cellpy) - Loading raw-file: C:\Users\tomoo\Dropbox\Programming\MyChem\data\test.mpr
(cellpy) - 
Could not set custom log-dir - non-existing directory
Dir: C:\Users\tomoo\Dropbox\Programming\MyChem\mychem\Biologic\cellpy_data\logs
Using current directory instead: c:\Users\tomoo\Dropbox\Programming\MyChem\mychem\Biologic
(cellpy) - Loading raw-file: C:\Users\tomoo\Dropbox\Programming\MyChem\data\test.mpr
(cellpy) - -reached end of file --exactly at end of file
