2023-09-14 20:18 - root - DEBUG (get): -------running-get--------
2023-09-14 20:18 - root - DEBUG (__init__): reading instrument from prms: InstrumentsClass(tester='arbin_res', custom_instrument_definitions_file=None, Arbin=Box({'max_res_filesize': 150000000, 'chunk_size': None, 'max_chunks': None, 'use_subprocess': False, 'detect_subprocess_need': False, 'sub_process_path': None, 'office_version': '64bit', 'SQL_server': 'localhost', 'SQL_UID': None, 'SQL_PWD': None, 'SQL_Driver': 'ODBC Driver 17 for SQL Server', 'odbc_driver': None}), Maccor=Box({'default_model': 'one'}), Neware=Box({'default_model': 'one'}))
2023-09-14 20:18 - root - DEBUG (__init__): created CellpyCell instance
2023-09-14 20:18 - root - DEBUG (__new__): path is OtherPath
2023-09-14 20:18 - root - DEBUG (__new__): checked if path is OtherPath
2023-09-14 20:18 - root - DEBUG (__init__): Running __init__ for OtherPath
2023-09-14 20:18 - root - DEBUG (_check_external): Running _check_external for OtherPath
2023-09-14 20:18 - root - DEBUG (_wrap_methods): Running _wrap_methods for OtherPath
2023-09-14 20:18 - root - DEBUG (__new__): path is OtherPath
2023-09-14 20:18 - root - DEBUG (__new__): checked if path is OtherPath
2023-09-14 20:18 - root - DEBUG (__init__): Running __init__ for OtherPath
2023-09-14 20:18 - root - DEBUG (_check_external): Running _check_external for OtherPath
2023-09-14 20:18 - root - DEBUG (_wrap_methods): Running _wrap_methods for OtherPath
2023-09-14 20:18 - root - DEBUG (__new__): path is OtherPath
2023-09-14 20:18 - root - DEBUG (__new__): checked if path is OtherPath
2023-09-14 20:18 - root - DEBUG (__init__): Running __init__ for OtherPath
2023-09-14 20:18 - root - DEBUG (_check_external): Running _check_external for OtherPath
2023-09-14 20:18 - root - DEBUG (_wrap_methods): Running _wrap_methods for OtherPath
2023-09-14 20:18 - root - DEBUG (__new__): path is OtherPath
2023-09-14 20:18 - root - DEBUG (__new__): checked if path is OtherPath
2023-09-14 20:18 - root - DEBUG (__init__): Running __init__ for OtherPath
2023-09-14 20:18 - root - DEBUG (_check_external): Running _check_external for OtherPath
2023-09-14 20:18 - root - DEBUG (_wrap_methods): Running _wrap_methods for OtherPath
2023-09-14 20:18 - root - DEBUG (find_all_instruments): Searching for modules in base instrument folder:
2023-09-14 20:18 - root - DEBUG (find_all_instruments): arbin_res
2023-09-14 20:18 - root - DEBUG (find_all_instruments):  -> added
2023-09-14 20:18 - root - DEBUG (find_all_instruments): arbin_sql
2023-09-14 20:18 - root - DEBUG (find_all_instruments):  -> added
2023-09-14 20:18 - root - DEBUG (find_all_instruments): arbin_sql_7
2023-09-14 20:18 - root - DEBUG (find_all_instruments):  -> added
2023-09-14 20:18 - root - DEBUG (find_all_instruments): arbin_sql_csv
2023-09-14 20:18 - root - DEBUG (find_all_instruments):  -> added
2023-09-14 20:18 - root - DEBUG (find_all_instruments): arbin_sql_h5
2023-09-14 20:18 - root - DEBUG (find_all_instruments):  -> added
2023-09-14 20:18 - root - DEBUG (find_all_instruments): arbin_sql_xlsx
2023-09-14 20:18 - root - DEBUG (find_all_instruments):  -> added
2023-09-14 20:18 - root - DEBUG (find_all_instruments): biologics_mpr
2023-09-14 20:18 - root - DEBUG (find_all_instruments):  -> added
2023-09-14 20:18 - root - DEBUG (find_all_instruments): custom
2023-09-14 20:18 - root - DEBUG (find_all_instruments):  -> added
2023-09-14 20:18 - root - DEBUG (find_all_instruments): ext_nda_reader
2023-09-14 20:18 - root - DEBUG (find_all_instruments):  -> added
2023-09-14 20:18 - root - DEBUG (find_all_instruments): local_instrument
2023-09-14 20:18 - root - DEBUG (find_all_instruments):  -> added
2023-09-14 20:18 - root - DEBUG (find_all_instruments): maccor_txt
2023-09-14 20:18 - root - DEBUG (find_all_instruments):  -> added
2023-09-14 20:18 - root - DEBUG (find_all_instruments): neware_txt
2023-09-14 20:18 - root - DEBUG (find_all_instruments):  -> added
2023-09-14 20:18 - root - DEBUG (find_all_instruments): pec_csv
2023-09-14 20:18 - root - DEBUG (find_all_instruments):  -> added
2023-09-14 20:18 - root - DEBUG (find_all_instruments): Searching for module configurations in user instrument folder:
2023-09-14 20:18 - root - DEBUG (find_all_instruments): - Not implemented yet
2023-09-14 20:18 - root - DEBUG (find_all_instruments): Searching for modules through plug-ins:
2023-09-14 20:18 - root - DEBUG (find_all_instruments): - Not implemented yet
2023-09-14 20:18 - root - DEBUG (register_builder): Registering instrument arbin_res
2023-09-14 20:18 - root - DEBUG (register_builder): Registering instrument arbin_sql
2023-09-14 20:18 - root - DEBUG (register_builder): Registering instrument arbin_sql_7
2023-09-14 20:18 - root - DEBUG (register_builder): Registering instrument arbin_sql_csv
2023-09-14 20:18 - root - DEBUG (register_builder): Registering instrument arbin_sql_h5
2023-09-14 20:18 - root - DEBUG (register_builder): Registering instrument arbin_sql_xlsx
2023-09-14 20:18 - root - DEBUG (register_builder): Registering instrument biologics_mpr
2023-09-14 20:18 - root - DEBUG (register_builder): Registering instrument custom
2023-09-14 20:18 - root - DEBUG (register_builder): Registering instrument ext_nda_reader
2023-09-14 20:18 - root - DEBUG (register_builder): Registering instrument local_instrument
2023-09-14 20:18 - root - DEBUG (register_builder): Registering instrument maccor_txt
2023-09-14 20:18 - root - DEBUG (register_builder): Registering instrument neware_txt
2023-09-14 20:18 - root - DEBUG (register_builder): Registering instrument pec_csv
2023-09-14 20:18 - root - DEBUG (_set_instrument): Setting new instrument: arbin_res
2023-09-14 20:18 - root - DEBUG (get): created CellpyCell instance
2023-09-14 20:18 - root - DEBUG (get): cellpy_file=None
2023-09-14 20:18 - root - DEBUG (get): filename='C:\\Users\\tomoo\\Dropbox\\Programming\\MyChem\\data\\AlOTf-BIm_18_GCPL_-17_-03_Pt_Al_C07.mpr'
2023-09-14 20:18 - root - DEBUG (get): got a single name
2023-09-14 20:18 - root - DEBUG (get): filename='C:\\Users\\tomoo\\Dropbox\\Programming\\MyChem\\data\\AlOTf-BIm_18_GCPL_-17_-03_Pt_Al_C07.mpr'
2023-09-14 20:18 - root - DEBUG (__new__): checked if path is OtherPath
2023-09-14 20:18 - root - DEBUG (__init__): Running __init__ for OtherPath
2023-09-14 20:18 - root - DEBUG (_check_external): Running _check_external for OtherPath
2023-09-14 20:18 - root - DEBUG (_wrap_methods): Running _wrap_methods for OtherPath
2023-09-14 20:18 - root - DEBUG (get): Prepare for loading raw-file(s)
2023-09-14 20:18 - root - DEBUG (get): checking instrument and instrument_file
2023-09-14 20:18 - root - INFO (get): Loading raw-file: C:\Users\tomoo\Dropbox\Programming\MyChem\data\AlOTf-BIm_18_GCPL_-17_-03_Pt_Al_C07.mpr
2023-09-14 20:18 - root - DEBUG (from_raw): start iterating through file(s)
2023-09-14 20:18 - root - DEBUG (from_raw): loading raw file:
2023-09-14 20:18 - root - DEBUG (from_raw): C:\Users\tomoo\Dropbox\Programming\MyChem\data\AlOTf-BIm_18_GCPL_-17_-03_Pt_Al_C07.mpr
2023-09-14 20:18 - root - DEBUG (__new__): path is OtherPath
2023-09-14 20:18 - root - DEBUG (__new__): checked if path is OtherPath
2023-09-14 20:18 - root - DEBUG (__init__): Running __init__ for OtherPath
2023-09-14 20:18 - root - DEBUG (_check_external): Running _check_external for OtherPath
2023-09-14 20:18 - root - DEBUG (_wrap_methods): Running _wrap_methods for OtherPath
2023-09-14 20:18 - root - DEBUG (copy_to_temporary): external file received? self.name.is_external=False
2023-09-14 20:18 - arbin_res - DEBUG (_check_size): File size: 267644 (261.0 kB)
2023-09-14 20:20 - root - WARNING (setup_logging): 
Could not set custom log-dir - non-existing directory
Dir: C:\Users\tomoo\Dropbox\Programming\MyChem\mychem\Biologic\cellpy_data\logs
Using current directory instead: c:\Users\tomoo\Dropbox\Programming\MyChem\mychem\Biologic
2023-09-14 20:20 - root - DEBUG (setup_logging): Setting file handlers for logging.
2023-09-14 20:20 - root - DEBUG (setup_logging): Filename: cellpy_errors.log
2023-09-14 20:20 - root - DEBUG (setup_logging): Full path: c:\Users\tomoo\Dropbox\Programming\MyChem\mychem\Biologic\cellpy_errors.log
2023-09-14 20:20 - root - DEBUG (setup_logging): Setting file handlers for logging.
2023-09-14 20:20 - root - DEBUG (setup_logging): Filename: cellpy_info.log
2023-09-14 20:20 - root - DEBUG (setup_logging): Full path: c:\Users\tomoo\Dropbox\Programming\MyChem\mychem\Biologic\cellpy_info.log
2023-09-14 20:20 - root - DEBUG (setup_logging): Setting file handlers for logging.
2023-09-14 20:20 - root - DEBUG (setup_logging): Filename: cellpy_debug.log
2023-09-14 20:20 - root - DEBUG (setup_logging): Full path: c:\Users\tomoo\Dropbox\Programming\MyChem\mychem\Biologic\cellpy_debug.log
2023-09-14 20:20 - root - DEBUG (get): -------running-get--------
2023-09-14 20:20 - root - DEBUG (__init__): reading instrument from prms: InstrumentsClass(tester='arbin_res', custom_instrument_definitions_file=None, Arbin=Box({'max_res_filesize': 150000000, 'chunk_size': None, 'max_chunks': None, 'use_subprocess': False, 'detect_subprocess_need': False, 'sub_process_path': None, 'office_version': '64bit', 'SQL_server': 'localhost', 'SQL_UID': None, 'SQL_PWD': None, 'SQL_Driver': 'ODBC Driver 17 for SQL Server', 'odbc_driver': None}), Maccor=Box({'default_model': 'one'}), Neware=Box({'default_model': 'one'}))
2023-09-14 20:20 - root - DEBUG (__init__): created CellpyCell instance
2023-09-14 20:20 - root - DEBUG (__new__): path is OtherPath
2023-09-14 20:20 - root - DEBUG (__new__): checked if path is OtherPath
2023-09-14 20:20 - root - DEBUG (__init__): Running __init__ for OtherPath
2023-09-14 20:20 - root - DEBUG (_check_external): Running _check_external for OtherPath
2023-09-14 20:20 - root - DEBUG (_wrap_methods): Running _wrap_methods for OtherPath
2023-09-14 20:20 - root - DEBUG (__new__): path is OtherPath
2023-09-14 20:20 - root - DEBUG (__new__): checked if path is OtherPath
2023-09-14 20:20 - root - DEBUG (__init__): Running __init__ for OtherPath
2023-09-14 20:20 - root - DEBUG (_check_external): Running _check_external for OtherPath
2023-09-14 20:20 - root - DEBUG (_wrap_methods): Running _wrap_methods for OtherPath
2023-09-14 20:20 - root - DEBUG (__new__): path is OtherPath
2023-09-14 20:20 - root - DEBUG (__new__): checked if path is OtherPath
2023-09-14 20:20 - root - DEBUG (__init__): Running __init__ for OtherPath
2023-09-14 20:20 - root - DEBUG (_check_external): Running _check_external for OtherPath
2023-09-14 20:20 - root - DEBUG (_wrap_methods): Running _wrap_methods for OtherPath
2023-09-14 20:20 - root - DEBUG (__new__): path is OtherPath
2023-09-14 20:20 - root - DEBUG (__new__): checked if path is OtherPath
2023-09-14 20:20 - root - DEBUG (__init__): Running __init__ for OtherPath
2023-09-14 20:20 - root - DEBUG (_check_external): Running _check_external for OtherPath
2023-09-14 20:20 - root - DEBUG (_wrap_methods): Running _wrap_methods for OtherPath
2023-09-14 20:20 - root - DEBUG (find_all_instruments): Searching for modules in base instrument folder:
2023-09-14 20:20 - root - DEBUG (find_all_instruments): arbin_res
2023-09-14 20:20 - root - DEBUG (find_all_instruments):  -> added
2023-09-14 20:20 - root - DEBUG (find_all_instruments): arbin_sql
2023-09-14 20:20 - root - DEBUG (find_all_instruments):  -> added
2023-09-14 20:20 - root - DEBUG (find_all_instruments): arbin_sql_7
2023-09-14 20:20 - root - DEBUG (find_all_instruments):  -> added
2023-09-14 20:20 - root - DEBUG (find_all_instruments): arbin_sql_csv
2023-09-14 20:20 - root - DEBUG (find_all_instruments):  -> added
2023-09-14 20:20 - root - DEBUG (find_all_instruments): arbin_sql_h5
2023-09-14 20:20 - root - DEBUG (find_all_instruments):  -> added
2023-09-14 20:20 - root - DEBUG (find_all_instruments): arbin_sql_xlsx
2023-09-14 20:20 - root - DEBUG (find_all_instruments):  -> added
2023-09-14 20:20 - root - DEBUG (find_all_instruments): biologics_mpr
2023-09-14 20:20 - root - DEBUG (find_all_instruments):  -> added
2023-09-14 20:20 - root - DEBUG (find_all_instruments): custom
2023-09-14 20:20 - root - DEBUG (find_all_instruments):  -> added
2023-09-14 20:20 - root - DEBUG (find_all_instruments): ext_nda_reader
2023-09-14 20:20 - root - DEBUG (find_all_instruments):  -> added
2023-09-14 20:20 - root - DEBUG (find_all_instruments): local_instrument
2023-09-14 20:20 - root - DEBUG (find_all_instruments):  -> added
2023-09-14 20:20 - root - DEBUG (find_all_instruments): maccor_txt
2023-09-14 20:20 - root - DEBUG (find_all_instruments):  -> added
2023-09-14 20:20 - root - DEBUG (find_all_instruments): neware_txt
2023-09-14 20:20 - root - DEBUG (find_all_instruments):  -> added
2023-09-14 20:20 - root - DEBUG (find_all_instruments): pec_csv
2023-09-14 20:20 - root - DEBUG (find_all_instruments):  -> added
2023-09-14 20:20 - root - DEBUG (find_all_instruments): Searching for module configurations in user instrument folder:
2023-09-14 20:20 - root - DEBUG (find_all_instruments): - Not implemented yet
2023-09-14 20:20 - root - DEBUG (find_all_instruments): Searching for modules through plug-ins:
2023-09-14 20:20 - root - DEBUG (find_all_instruments): - Not implemented yet
2023-09-14 20:20 - root - DEBUG (register_builder): Registering instrument arbin_res
2023-09-14 20:20 - root - DEBUG (register_builder): Registering instrument arbin_sql
2023-09-14 20:20 - root - DEBUG (register_builder): Registering instrument arbin_sql_7
2023-09-14 20:20 - root - DEBUG (register_builder): Registering instrument arbin_sql_csv
2023-09-14 20:20 - root - DEBUG (register_builder): Registering instrument arbin_sql_h5
2023-09-14 20:20 - root - DEBUG (register_builder): Registering instrument arbin_sql_xlsx
2023-09-14 20:20 - root - DEBUG (register_builder): Registering instrument biologics_mpr
2023-09-14 20:20 - root - DEBUG (register_builder): Registering instrument custom
2023-09-14 20:20 - root - DEBUG (register_builder): Registering instrument ext_nda_reader
2023-09-14 20:20 - root - DEBUG (register_builder): Registering instrument local_instrument
2023-09-14 20:20 - root - DEBUG (register_builder): Registering instrument maccor_txt
2023-09-14 20:20 - root - DEBUG (register_builder): Registering instrument neware_txt
2023-09-14 20:20 - root - DEBUG (register_builder): Registering instrument pec_csv
2023-09-14 20:20 - root - DEBUG (_set_instrument): Setting new instrument: arbin_res
2023-09-14 20:20 - root - DEBUG (get): created CellpyCell instance
2023-09-14 20:20 - root - DEBUG (get): cellpy_file=None
2023-09-14 20:20 - root - DEBUG (get): filename='C:\\Users\\tomoo\\Dropbox\\Programming\\MyChem\\data\\AlOTf_BIm_18_GCPL_-17_-03_Pt_Al_C07.mpr'
2023-09-14 20:20 - root - DEBUG (get): got a single name
2023-09-14 20:20 - root - DEBUG (get): filename='C:\\Users\\tomoo\\Dropbox\\Programming\\MyChem\\data\\AlOTf_BIm_18_GCPL_-17_-03_Pt_Al_C07.mpr'
2023-09-14 20:20 - root - DEBUG (__new__): checked if path is OtherPath
2023-09-14 20:20 - root - DEBUG (__init__): Running __init__ for OtherPath
2023-09-14 20:20 - root - DEBUG (_check_external): Running _check_external for OtherPath
2023-09-14 20:20 - root - DEBUG (_wrap_methods): Running _wrap_methods for OtherPath
2023-09-14 20:20 - root - DEBUG (get): Prepare for loading raw-file(s)
2023-09-14 20:20 - root - DEBUG (get): checking instrument and instrument_file
2023-09-14 20:20 - root - INFO (get): Loading raw-file: C:\Users\tomoo\Dropbox\Programming\MyChem\data\AlOTf_BIm_18_GCPL_-17_-03_Pt_Al_C07.mpr
2023-09-14 20:20 - root - DEBUG (from_raw): start iterating through file(s)
2023-09-14 20:20 - root - DEBUG (from_raw): loading raw file:
2023-09-14 20:20 - root - DEBUG (from_raw): C:\Users\tomoo\Dropbox\Programming\MyChem\data\AlOTf_BIm_18_GCPL_-17_-03_Pt_Al_C07.mpr
2023-09-14 20:20 - root - DEBUG (__new__): path is OtherPath
2023-09-14 20:20 - root - DEBUG (__new__): checked if path is OtherPath
2023-09-14 20:20 - root - DEBUG (__init__): Running __init__ for OtherPath
2023-09-14 20:20 - root - DEBUG (_check_external): Running _check_external for OtherPath
2023-09-14 20:20 - root - DEBUG (_wrap_methods): Running _wrap_methods for OtherPath
2023-09-14 20:20 - root - DEBUG (copy_to_temporary): external file received? self.name.is_external=False
2023-09-14 20:20 - arbin_res - DEBUG (_check_size): File size: 267644 (261.0 kB)
2023-09-14 20:25 - root - WARNING (setup_logging): 
Could not set custom log-dir - non-existing directory
Dir: C:\Users\tomoo\Dropbox\Programming\MyChem\mychem\Biologic\cellpy_data\logs
Using current directory instead: c:\Users\tomoo\Dropbox\Programming\MyChem\mychem\Biologic
2023-09-14 20:25 - root - DEBUG (setup_logging): Setting file handlers for logging.
2023-09-14 20:25 - root - DEBUG (setup_logging): Filename: cellpy_errors.log
2023-09-14 20:25 - root - DEBUG (setup_logging): Full path: c:\Users\tomoo\Dropbox\Programming\MyChem\mychem\Biologic\cellpy_errors.log
2023-09-14 20:25 - root - DEBUG (setup_logging): Setting file handlers for logging.
2023-09-14 20:25 - root - DEBUG (setup_logging): Filename: cellpy_info.log
2023-09-14 20:25 - root - DEBUG (setup_logging): Full path: c:\Users\tomoo\Dropbox\Programming\MyChem\mychem\Biologic\cellpy_info.log
2023-09-14 20:25 - root - DEBUG (setup_logging): Setting file handlers for logging.
2023-09-14 20:25 - root - DEBUG (setup_logging): Filename: cellpy_debug.log
2023-09-14 20:25 - root - DEBUG (setup_logging): Full path: c:\Users\tomoo\Dropbox\Programming\MyChem\mychem\Biologic\cellpy_debug.log
2023-09-14 20:25 - root - DEBUG (get): -------running-get--------
2023-09-14 20:25 - root - DEBUG (__init__): reading instrument from prms: InstrumentsClass(tester='arbin_res', custom_instrument_definitions_file=None, Arbin=Box({'max_res_filesize': 150000000, 'chunk_size': None, 'max_chunks': None, 'use_subprocess': False, 'detect_subprocess_need': False, 'sub_process_path': None, 'office_version': '64bit', 'SQL_server': 'localhost', 'SQL_UID': None, 'SQL_PWD': None, 'SQL_Driver': 'ODBC Driver 17 for SQL Server', 'odbc_driver': None}), Maccor=Box({'default_model': 'one'}), Neware=Box({'default_model': 'one'}))
2023-09-14 20:25 - root - DEBUG (__init__): created CellpyCell instance
2023-09-14 20:25 - root - DEBUG (__new__): path is OtherPath
2023-09-14 20:25 - root - DEBUG (__new__): checked if path is OtherPath
2023-09-14 20:25 - root - DEBUG (__init__): Running __init__ for OtherPath
2023-09-14 20:25 - root - DEBUG (_check_external): Running _check_external for OtherPath
2023-09-14 20:25 - root - DEBUG (_wrap_methods): Running _wrap_methods for OtherPath
2023-09-14 20:25 - root - DEBUG (__new__): path is OtherPath
2023-09-14 20:25 - root - DEBUG (__new__): checked if path is OtherPath
2023-09-14 20:25 - root - DEBUG (__init__): Running __init__ for OtherPath
2023-09-14 20:25 - root - DEBUG (_check_external): Running _check_external for OtherPath
2023-09-14 20:25 - root - DEBUG (_wrap_methods): Running _wrap_methods for OtherPath
2023-09-14 20:25 - root - DEBUG (__new__): path is OtherPath
2023-09-14 20:25 - root - DEBUG (__new__): checked if path is OtherPath
2023-09-14 20:25 - root - DEBUG (__init__): Running __init__ for OtherPath
2023-09-14 20:25 - root - DEBUG (_check_external): Running _check_external for OtherPath
2023-09-14 20:25 - root - DEBUG (_wrap_methods): Running _wrap_methods for OtherPath
2023-09-14 20:25 - root - DEBUG (__new__): path is OtherPath
2023-09-14 20:25 - root - DEBUG (__new__): checked if path is OtherPath
2023-09-14 20:25 - root - DEBUG (__init__): Running __init__ for OtherPath
2023-09-14 20:25 - root - DEBUG (_check_external): Running _check_external for OtherPath
2023-09-14 20:25 - root - DEBUG (_wrap_methods): Running _wrap_methods for OtherPath
2023-09-14 20:25 - root - DEBUG (find_all_instruments): Searching for modules in base instrument folder:
2023-09-14 20:25 - root - DEBUG (find_all_instruments): arbin_res
2023-09-14 20:25 - root - DEBUG (find_all_instruments):  -> added
2023-09-14 20:25 - root - DEBUG (find_all_instruments): arbin_sql
2023-09-14 20:25 - root - DEBUG (find_all_instruments):  -> added
2023-09-14 20:25 - root - DEBUG (find_all_instruments): arbin_sql_7
2023-09-14 20:25 - root - DEBUG (find_all_instruments):  -> added
2023-09-14 20:25 - root - DEBUG (find_all_instruments): arbin_sql_csv
2023-09-14 20:25 - root - DEBUG (find_all_instruments):  -> added
2023-09-14 20:25 - root - DEBUG (find_all_instruments): arbin_sql_h5
2023-09-14 20:25 - root - DEBUG (find_all_instruments):  -> added
2023-09-14 20:25 - root - DEBUG (find_all_instruments): arbin_sql_xlsx
2023-09-14 20:25 - root - DEBUG (find_all_instruments):  -> added
2023-09-14 20:25 - root - DEBUG (find_all_instruments): biologics_mpr
2023-09-14 20:25 - root - DEBUG (find_all_instruments):  -> added
2023-09-14 20:25 - root - DEBUG (find_all_instruments): custom
2023-09-14 20:25 - root - DEBUG (find_all_instruments):  -> added
2023-09-14 20:25 - root - DEBUG (find_all_instruments): ext_nda_reader
2023-09-14 20:25 - root - DEBUG (find_all_instruments):  -> added
2023-09-14 20:25 - root - DEBUG (find_all_instruments): local_instrument
2023-09-14 20:25 - root - DEBUG (find_all_instruments):  -> added
2023-09-14 20:25 - root - DEBUG (find_all_instruments): maccor_txt
2023-09-14 20:25 - root - DEBUG (find_all_instruments):  -> added
2023-09-14 20:25 - root - DEBUG (find_all_instruments): neware_txt
2023-09-14 20:25 - root - DEBUG (find_all_instruments):  -> added
2023-09-14 20:25 - root - DEBUG (find_all_instruments): pec_csv
2023-09-14 20:25 - root - DEBUG (find_all_instruments):  -> added
2023-09-14 20:25 - root - DEBUG (find_all_instruments): Searching for module configurations in user instrument folder:
2023-09-14 20:25 - root - DEBUG (find_all_instruments): - Not implemented yet
2023-09-14 20:25 - root - DEBUG (find_all_instruments): Searching for modules through plug-ins:
2023-09-14 20:25 - root - DEBUG (find_all_instruments): - Not implemented yet
2023-09-14 20:25 - root - DEBUG (register_builder): Registering instrument arbin_res
2023-09-14 20:25 - root - DEBUG (register_builder): Registering instrument arbin_sql
2023-09-14 20:25 - root - DEBUG (register_builder): Registering instrument arbin_sql_7
2023-09-14 20:25 - root - DEBUG (register_builder): Registering instrument arbin_sql_csv
2023-09-14 20:25 - root - DEBUG (register_builder): Registering instrument arbin_sql_h5
2023-09-14 20:25 - root - DEBUG (register_builder): Registering instrument arbin_sql_xlsx
2023-09-14 20:25 - root - DEBUG (register_builder): Registering instrument biologics_mpr
2023-09-14 20:25 - root - DEBUG (register_builder): Registering instrument custom
2023-09-14 20:25 - root - DEBUG (register_builder): Registering instrument ext_nda_reader
2023-09-14 20:25 - root - DEBUG (register_builder): Registering instrument local_instrument
2023-09-14 20:25 - root - DEBUG (register_builder): Registering instrument maccor_txt
2023-09-14 20:25 - root - DEBUG (register_builder): Registering instrument neware_txt
2023-09-14 20:25 - root - DEBUG (register_builder): Registering instrument pec_csv
2023-09-14 20:25 - root - DEBUG (_set_instrument): Setting new instrument: arbin_res
2023-09-14 20:25 - root - DEBUG (get): created CellpyCell instance
2023-09-14 20:25 - root - DEBUG (get): cellpy_file=None
2023-09-14 20:25 - root - DEBUG (get): filename='C:\\Users\\tomoo\\Dropbox\\Programming\\MyChem\\data\\test.mpr'
2023-09-14 20:25 - root - DEBUG (get): got a single name
2023-09-14 20:25 - root - DEBUG (get): filename='C:\\Users\\tomoo\\Dropbox\\Programming\\MyChem\\data\\test.mpr'
2023-09-14 20:25 - root - DEBUG (__new__): checked if path is OtherPath
2023-09-14 20:25 - root - DEBUG (__init__): Running __init__ for OtherPath
2023-09-14 20:25 - root - DEBUG (_check_external): Running _check_external for OtherPath
2023-09-14 20:25 - root - DEBUG (_wrap_methods): Running _wrap_methods for OtherPath
2023-09-14 20:25 - root - DEBUG (get): Prepare for loading raw-file(s)
2023-09-14 20:25 - root - DEBUG (get): checking instrument and instrument_file
2023-09-14 20:25 - root - INFO (get): Loading raw-file: C:\Users\tomoo\Dropbox\Programming\MyChem\data\test.mpr
2023-09-14 20:25 - root - DEBUG (from_raw): start iterating through file(s)
2023-09-14 20:25 - root - DEBUG (from_raw): loading raw file:
2023-09-14 20:25 - root - DEBUG (from_raw): C:\Users\tomoo\Dropbox\Programming\MyChem\data\test.mpr
2023-09-14 20:25 - root - DEBUG (__new__): path is OtherPath
2023-09-14 20:25 - root - DEBUG (__new__): checked if path is OtherPath
2023-09-14 20:25 - root - DEBUG (__init__): Running __init__ for OtherPath
2023-09-14 20:25 - root - DEBUG (_check_external): Running _check_external for OtherPath
2023-09-14 20:25 - root - DEBUG (_wrap_methods): Running _wrap_methods for OtherPath
2023-09-14 20:25 - root - DEBUG (copy_to_temporary): external file received? self.name.is_external=False
2023-09-14 20:25 - arbin_res - DEBUG (_check_size): File size: 267644 (261.0 kB)
2023-09-14 20:25 - root - WARNING (setup_logging): 
Could not set custom log-dir - non-existing directory
Dir: C:\Users\tomoo\Dropbox\Programming\MyChem\mychem\Biologic\cellpy_data\logs
Using current directory instead: c:\Users\tomoo\Dropbox\Programming\MyChem\mychem\Biologic
2023-09-14 20:25 - root - DEBUG (setup_logging): Setting file handlers for logging.
2023-09-14 20:25 - root - DEBUG (setup_logging): Filename: cellpy_errors.log
2023-09-14 20:25 - root - DEBUG (setup_logging): Full path: c:\Users\tomoo\Dropbox\Programming\MyChem\mychem\Biologic\cellpy_errors.log
2023-09-14 20:25 - root - DEBUG (setup_logging): Setting file handlers for logging.
2023-09-14 20:25 - root - DEBUG (setup_logging): Filename: cellpy_info.log
2023-09-14 20:25 - root - DEBUG (setup_logging): Full path: c:\Users\tomoo\Dropbox\Programming\MyChem\mychem\Biologic\cellpy_info.log
2023-09-14 20:25 - root - DEBUG (setup_logging): Setting file handlers for logging.
2023-09-14 20:25 - root - DEBUG (setup_logging): Filename: cellpy_debug.log
2023-09-14 20:25 - root - DEBUG (setup_logging): Full path: c:\Users\tomoo\Dropbox\Programming\MyChem\mychem\Biologic\cellpy_debug.log
2023-09-14 20:25 - root - DEBUG (get): -------running-get--------
2023-09-14 20:25 - root - DEBUG (__init__): reading instrument from prms: InstrumentsClass(tester='arbin_res', custom_instrument_definitions_file=None, Arbin=Box({'max_res_filesize': 150000000, 'chunk_size': None, 'max_chunks': None, 'use_subprocess': False, 'detect_subprocess_need': False, 'sub_process_path': None, 'office_version': '64bit', 'SQL_server': 'localhost', 'SQL_UID': None, 'SQL_PWD': None, 'SQL_Driver': 'ODBC Driver 17 for SQL Server', 'odbc_driver': None}), Maccor=Box({'default_model': 'one'}), Neware=Box({'default_model': 'one'}))
2023-09-14 20:25 - root - DEBUG (__init__): created CellpyCell instance
2023-09-14 20:25 - root - DEBUG (__new__): path is OtherPath
2023-09-14 20:25 - root - DEBUG (__new__): checked if path is OtherPath
2023-09-14 20:25 - root - DEBUG (__init__): Running __init__ for OtherPath
2023-09-14 20:25 - root - DEBUG (_check_external): Running _check_external for OtherPath
2023-09-14 20:25 - root - DEBUG (_wrap_methods): Running _wrap_methods for OtherPath
2023-09-14 20:25 - root - DEBUG (__new__): path is OtherPath
2023-09-14 20:25 - root - DEBUG (__new__): checked if path is OtherPath
2023-09-14 20:25 - root - DEBUG (__init__): Running __init__ for OtherPath
2023-09-14 20:25 - root - DEBUG (_check_external): Running _check_external for OtherPath
2023-09-14 20:25 - root - DEBUG (_wrap_methods): Running _wrap_methods for OtherPath
2023-09-14 20:25 - root - DEBUG (__new__): path is OtherPath
2023-09-14 20:25 - root - DEBUG (__new__): checked if path is OtherPath
2023-09-14 20:25 - root - DEBUG (__init__): Running __init__ for OtherPath
2023-09-14 20:25 - root - DEBUG (_check_external): Running _check_external for OtherPath
2023-09-14 20:25 - root - DEBUG (_wrap_methods): Running _wrap_methods for OtherPath
2023-09-14 20:25 - root - DEBUG (__new__): path is OtherPath
2023-09-14 20:25 - root - DEBUG (__new__): checked if path is OtherPath
2023-09-14 20:25 - root - DEBUG (__init__): Running __init__ for OtherPath
2023-09-14 20:25 - root - DEBUG (_check_external): Running _check_external for OtherPath
2023-09-14 20:25 - root - DEBUG (_wrap_methods): Running _wrap_methods for OtherPath
2023-09-14 20:25 - root - DEBUG (find_all_instruments): Searching for modules in base instrument folder:
2023-09-14 20:25 - root - DEBUG (find_all_instruments): arbin_res
2023-09-14 20:25 - root - DEBUG (find_all_instruments):  -> added
2023-09-14 20:25 - root - DEBUG (find_all_instruments): arbin_sql
2023-09-14 20:25 - root - DEBUG (find_all_instruments):  -> added
2023-09-14 20:25 - root - DEBUG (find_all_instruments): arbin_sql_7
2023-09-14 20:25 - root - DEBUG (find_all_instruments):  -> added
2023-09-14 20:25 - root - DEBUG (find_all_instruments): arbin_sql_csv
2023-09-14 20:25 - root - DEBUG (find_all_instruments):  -> added
2023-09-14 20:25 - root - DEBUG (find_all_instruments): arbin_sql_h5
2023-09-14 20:25 - root - DEBUG (find_all_instruments):  -> added
2023-09-14 20:25 - root - DEBUG (find_all_instruments): arbin_sql_xlsx
2023-09-14 20:25 - root - DEBUG (find_all_instruments):  -> added
2023-09-14 20:25 - root - DEBUG (find_all_instruments): biologics_mpr
2023-09-14 20:25 - root - DEBUG (find_all_instruments):  -> added
2023-09-14 20:25 - root - DEBUG (find_all_instruments): custom
2023-09-14 20:25 - root - DEBUG (find_all_instruments):  -> added
2023-09-14 20:25 - root - DEBUG (find_all_instruments): ext_nda_reader
2023-09-14 20:25 - root - DEBUG (find_all_instruments):  -> added
2023-09-14 20:25 - root - DEBUG (find_all_instruments): local_instrument
2023-09-14 20:25 - root - DEBUG (find_all_instruments):  -> added
2023-09-14 20:25 - root - DEBUG (find_all_instruments): maccor_txt
2023-09-14 20:25 - root - DEBUG (find_all_instruments):  -> added
2023-09-14 20:25 - root - DEBUG (find_all_instruments): neware_txt
2023-09-14 20:25 - root - DEBUG (find_all_instruments):  -> added
2023-09-14 20:25 - root - DEBUG (find_all_instruments): pec_csv
2023-09-14 20:25 - root - DEBUG (find_all_instruments):  -> added
2023-09-14 20:25 - root - DEBUG (find_all_instruments): Searching for module configurations in user instrument folder:
2023-09-14 20:25 - root - DEBUG (find_all_instruments): - Not implemented yet
2023-09-14 20:25 - root - DEBUG (find_all_instruments): Searching for modules through plug-ins:
2023-09-14 20:25 - root - DEBUG (find_all_instruments): - Not implemented yet
2023-09-14 20:25 - root - DEBUG (register_builder): Registering instrument arbin_res
2023-09-14 20:25 - root - DEBUG (register_builder): Registering instrument arbin_sql
2023-09-14 20:25 - root - DEBUG (register_builder): Registering instrument arbin_sql_7
2023-09-14 20:25 - root - DEBUG (register_builder): Registering instrument arbin_sql_csv
2023-09-14 20:25 - root - DEBUG (register_builder): Registering instrument arbin_sql_h5
2023-09-14 20:25 - root - DEBUG (register_builder): Registering instrument arbin_sql_xlsx
2023-09-14 20:25 - root - DEBUG (register_builder): Registering instrument biologics_mpr
2023-09-14 20:25 - root - DEBUG (register_builder): Registering instrument custom
2023-09-14 20:25 - root - DEBUG (register_builder): Registering instrument ext_nda_reader
2023-09-14 20:25 - root - DEBUG (register_builder): Registering instrument local_instrument
2023-09-14 20:25 - root - DEBUG (register_builder): Registering instrument maccor_txt
2023-09-14 20:25 - root - DEBUG (register_builder): Registering instrument neware_txt
2023-09-14 20:25 - root - DEBUG (register_builder): Registering instrument pec_csv
2023-09-14 20:25 - root - DEBUG (_set_instrument): Setting new instrument: arbin_res
2023-09-14 20:25 - root - DEBUG (get): created CellpyCell instance
2023-09-14 20:25 - root - DEBUG (get): cellpy_file=None
2023-09-14 20:25 - root - DEBUG (get): filename='C:\\Users\\tomoo\\Dropbox\\Programming\\MyChem\\data\\test.mpr'
2023-09-14 20:25 - root - DEBUG (get): got a single name
2023-09-14 20:25 - root - DEBUG (get): filename='C:\\Users\\tomoo\\Dropbox\\Programming\\MyChem\\data\\test.mpr'
2023-09-14 20:25 - root - DEBUG (__new__): checked if path is OtherPath
2023-09-14 20:25 - root - DEBUG (__init__): Running __init__ for OtherPath
2023-09-14 20:25 - root - DEBUG (_check_external): Running _check_external for OtherPath
2023-09-14 20:25 - root - DEBUG (_wrap_methods): Running _wrap_methods for OtherPath
2023-09-14 20:25 - root - DEBUG (get): Prepare for loading raw-file(s)
2023-09-14 20:25 - root - DEBUG (get): checking instrument and instrument_file
2023-09-14 20:25 - root - INFO (get): Loading raw-file: C:\Users\tomoo\Dropbox\Programming\MyChem\data\test.mpr
2023-09-14 20:25 - root - DEBUG (from_raw): start iterating through file(s)
2023-09-14 20:25 - root - DEBUG (from_raw): loading raw file:
2023-09-14 20:25 - root - DEBUG (from_raw): C:\Users\tomoo\Dropbox\Programming\MyChem\data\test.mpr
2023-09-14 20:25 - root - DEBUG (__new__): path is OtherPath
2023-09-14 20:25 - root - DEBUG (__new__): checked if path is OtherPath
2023-09-14 20:25 - root - DEBUG (__init__): Running __init__ for OtherPath
2023-09-14 20:25 - root - DEBUG (_check_external): Running _check_external for OtherPath
2023-09-14 20:25 - root - DEBUG (_wrap_methods): Running _wrap_methods for OtherPath
2023-09-14 20:25 - root - DEBUG (copy_to_temporary): external file received? self.name.is_external=False
2023-09-14 20:25 - arbin_res - DEBUG (_check_size): File size: 267644 (261.0 kB)
2023-09-14 20:30 - root - WARNING (setup_logging): 
Could not set custom log-dir - non-existing directory
Dir: C:\Users\tomoo\Dropbox\Programming\MyChem\mychem\Biologic\cellpy_data\logs
Using current directory instead: c:\Users\tomoo\Dropbox\Programming\MyChem\mychem\Biologic
2023-09-14 20:30 - root - DEBUG (setup_logging): Setting file handlers for logging.
2023-09-14 20:30 - root - DEBUG (setup_logging): Filename: cellpy_errors.log
2023-09-14 20:30 - root - DEBUG (setup_logging): Full path: c:\Users\tomoo\Dropbox\Programming\MyChem\mychem\Biologic\cellpy_errors.log
2023-09-14 20:30 - root - DEBUG (setup_logging): Setting file handlers for logging.
2023-09-14 20:30 - root - DEBUG (setup_logging): Filename: cellpy_info.log
2023-09-14 20:30 - root - DEBUG (setup_logging): Full path: c:\Users\tomoo\Dropbox\Programming\MyChem\mychem\Biologic\cellpy_info.log
2023-09-14 20:30 - root - DEBUG (setup_logging): Setting file handlers for logging.
2023-09-14 20:30 - root - DEBUG (setup_logging): Filename: cellpy_debug.log
2023-09-14 20:30 - root - DEBUG (setup_logging): Full path: c:\Users\tomoo\Dropbox\Programming\MyChem\mychem\Biologic\cellpy_debug.log
2023-09-14 20:30 - root - DEBUG (get): -------running-get--------
2023-09-14 20:30 - root - DEBUG (__init__): reading instrument from prms: InstrumentsClass(tester='arbin_res', custom_instrument_definitions_file=None, Arbin=Box({'max_res_filesize': 150000000, 'chunk_size': None, 'max_chunks': None, 'use_subprocess': False, 'detect_subprocess_need': False, 'sub_process_path': None, 'office_version': '64bit', 'SQL_server': 'localhost', 'SQL_UID': None, 'SQL_PWD': None, 'SQL_Driver': 'ODBC Driver 17 for SQL Server', 'odbc_driver': None}), Maccor=Box({'default_model': 'one'}), Neware=Box({'default_model': 'one'}))
2023-09-14 20:30 - root - DEBUG (__init__): created CellpyCell instance
2023-09-14 20:30 - root - DEBUG (__new__): path is OtherPath
2023-09-14 20:30 - root - DEBUG (__new__): checked if path is OtherPath
2023-09-14 20:30 - root - DEBUG (__init__): Running __init__ for OtherPath
2023-09-14 20:30 - root - DEBUG (_check_external): Running _check_external for OtherPath
2023-09-14 20:30 - root - DEBUG (_wrap_methods): Running _wrap_methods for OtherPath
2023-09-14 20:30 - root - DEBUG (__new__): path is OtherPath
2023-09-14 20:30 - root - DEBUG (__new__): checked if path is OtherPath
2023-09-14 20:30 - root - DEBUG (__init__): Running __init__ for OtherPath
2023-09-14 20:30 - root - DEBUG (_check_external): Running _check_external for OtherPath
2023-09-14 20:30 - root - DEBUG (_wrap_methods): Running _wrap_methods for OtherPath
2023-09-14 20:30 - root - DEBUG (__new__): path is OtherPath
2023-09-14 20:30 - root - DEBUG (__new__): checked if path is OtherPath
2023-09-14 20:30 - root - DEBUG (__init__): Running __init__ for OtherPath
2023-09-14 20:30 - root - DEBUG (_check_external): Running _check_external for OtherPath
2023-09-14 20:30 - root - DEBUG (_wrap_methods): Running _wrap_methods for OtherPath
2023-09-14 20:30 - root - DEBUG (__new__): path is OtherPath
2023-09-14 20:30 - root - DEBUG (__new__): checked if path is OtherPath
2023-09-14 20:30 - root - DEBUG (__init__): Running __init__ for OtherPath
2023-09-14 20:30 - root - DEBUG (_check_external): Running _check_external for OtherPath
2023-09-14 20:30 - root - DEBUG (_wrap_methods): Running _wrap_methods for OtherPath
2023-09-14 20:30 - root - DEBUG (find_all_instruments): Searching for modules in base instrument folder:
2023-09-14 20:30 - root - DEBUG (find_all_instruments): arbin_res
2023-09-14 20:30 - root - DEBUG (find_all_instruments):  -> added
2023-09-14 20:30 - root - DEBUG (find_all_instruments): arbin_sql
2023-09-14 20:30 - root - DEBUG (find_all_instruments):  -> added
2023-09-14 20:30 - root - DEBUG (find_all_instruments): arbin_sql_7
2023-09-14 20:30 - root - DEBUG (find_all_instruments):  -> added
2023-09-14 20:30 - root - DEBUG (find_all_instruments): arbin_sql_csv
2023-09-14 20:30 - root - DEBUG (find_all_instruments):  -> added
2023-09-14 20:30 - root - DEBUG (find_all_instruments): arbin_sql_h5
2023-09-14 20:30 - root - DEBUG (find_all_instruments):  -> added
2023-09-14 20:30 - root - DEBUG (find_all_instruments): arbin_sql_xlsx
2023-09-14 20:30 - root - DEBUG (find_all_instruments):  -> added
2023-09-14 20:30 - root - DEBUG (find_all_instruments): biologics_mpr
2023-09-14 20:30 - root - DEBUG (find_all_instruments):  -> added
2023-09-14 20:30 - root - DEBUG (find_all_instruments): custom
2023-09-14 20:30 - root - DEBUG (find_all_instruments):  -> added
2023-09-14 20:30 - root - DEBUG (find_all_instruments): ext_nda_reader
2023-09-14 20:30 - root - DEBUG (find_all_instruments):  -> added
2023-09-14 20:30 - root - DEBUG (find_all_instruments): local_instrument
2023-09-14 20:30 - root - DEBUG (find_all_instruments):  -> added
2023-09-14 20:30 - root - DEBUG (find_all_instruments): maccor_txt
2023-09-14 20:30 - root - DEBUG (find_all_instruments):  -> added
2023-09-14 20:30 - root - DEBUG (find_all_instruments): neware_txt
2023-09-14 20:30 - root - DEBUG (find_all_instruments):  -> added
2023-09-14 20:30 - root - DEBUG (find_all_instruments): pec_csv
2023-09-14 20:30 - root - DEBUG (find_all_instruments):  -> added
2023-09-14 20:30 - root - DEBUG (find_all_instruments): Searching for module configurations in user instrument folder:
2023-09-14 20:30 - root - DEBUG (find_all_instruments): - Not implemented yet
2023-09-14 20:30 - root - DEBUG (find_all_instruments): Searching for modules through plug-ins:
2023-09-14 20:30 - root - DEBUG (find_all_instruments): - Not implemented yet
2023-09-14 20:30 - root - DEBUG (register_builder): Registering instrument arbin_res
2023-09-14 20:30 - root - DEBUG (register_builder): Registering instrument arbin_sql
2023-09-14 20:30 - root - DEBUG (register_builder): Registering instrument arbin_sql_7
2023-09-14 20:30 - root - DEBUG (register_builder): Registering instrument arbin_sql_csv
2023-09-14 20:30 - root - DEBUG (register_builder): Registering instrument arbin_sql_h5
2023-09-14 20:30 - root - DEBUG (register_builder): Registering instrument arbin_sql_xlsx
2023-09-14 20:30 - root - DEBUG (register_builder): Registering instrument biologics_mpr
2023-09-14 20:30 - root - DEBUG (register_builder): Registering instrument custom
2023-09-14 20:30 - root - DEBUG (register_builder): Registering instrument ext_nda_reader
2023-09-14 20:30 - root - DEBUG (register_builder): Registering instrument local_instrument
2023-09-14 20:30 - root - DEBUG (register_builder): Registering instrument maccor_txt
2023-09-14 20:30 - root - DEBUG (register_builder): Registering instrument neware_txt
2023-09-14 20:30 - root - DEBUG (register_builder): Registering instrument pec_csv
2023-09-14 20:30 - root - DEBUG (_set_instrument): Setting new instrument: arbin_res
2023-09-14 20:30 - root - DEBUG (get): created CellpyCell instance
2023-09-14 20:30 - root - DEBUG (get): cellpy_file=None
2023-09-14 20:30 - root - DEBUG (get): filename='C:\\Users\\tomoo\\Dropbox\\Programming\\MyChem\\data\\test.mpr'
2023-09-14 20:30 - root - DEBUG (get): got a single name
2023-09-14 20:30 - root - DEBUG (get): filename='C:\\Users\\tomoo\\Dropbox\\Programming\\MyChem\\data\\test.mpr'
2023-09-14 20:30 - root - DEBUG (__new__): checked if path is OtherPath
2023-09-14 20:30 - root - DEBUG (__init__): Running __init__ for OtherPath
2023-09-14 20:30 - root - DEBUG (_check_external): Running _check_external for OtherPath
2023-09-14 20:30 - root - DEBUG (_wrap_methods): Running _wrap_methods for OtherPath
2023-09-14 20:30 - root - DEBUG (get): Prepare for loading raw-file(s)
2023-09-14 20:30 - root - DEBUG (get): checking instrument and instrument_file
2023-09-14 20:30 - root - DEBUG (get): got instrument in stead of instrument file, instrument='biologics_mpr'
2023-09-14 20:30 - root - DEBUG (_set_instrument): Setting new instrument: biologics_mpr
2023-09-14 20:30 - root - INFO (get): Loading raw-file: C:\Users\tomoo\Dropbox\Programming\MyChem\data\test.mpr
2023-09-14 20:30 - root - DEBUG (from_raw): start iterating through file(s)
2023-09-14 20:30 - root - DEBUG (from_raw): loading raw file:
2023-09-14 20:30 - root - DEBUG (from_raw): C:\Users\tomoo\Dropbox\Programming\MyChem\data\test.mpr
2023-09-14 20:30 - root - DEBUG (__new__): path is OtherPath
2023-09-14 20:30 - root - DEBUG (__new__): checked if path is OtherPath
2023-09-14 20:30 - root - DEBUG (__init__): Running __init__ for OtherPath
2023-09-14 20:30 - root - DEBUG (_check_external): Running _check_external for OtherPath
2023-09-14 20:30 - root - DEBUG (_wrap_methods): Running _wrap_methods for OtherPath
2023-09-14 20:30 - root - DEBUG (copy_to_temporary): external file received? self.name.is_external=False
2023-09-14 20:30 - biologics_mpr - DEBUG (loader): File size: 267644 (261.0 kB)
2023-09-14 20:30 - biologics_mpr - DEBUG (loader): tmp file: C:\Users\tomoo\AppData\Local\Temp\test.mpr
2023-09-14 20:30 - biologics_mpr - DEBUG (loader): HERE WE LOAD THE DATA
2023-09-14 20:30 - cellpy.readers.core - DEBUG (__init__): created DataSet instance
2023-09-14 20:30 - root - DEBUG (__new__): checked if path is OtherPath
2023-09-14 20:30 - root - DEBUG (_clean_up_original_path_string): path is an OtherPath object
2023-09-14 20:30 - root - DEBUG (_clean_up_original_path_string): path does not have an original attribute
2023-09-14 20:30 - root - DEBUG (__init__): Running __init__ for OtherPath
2023-09-14 20:30 - root - DEBUG (_check_external): Running _check_external for OtherPath
2023-09-14 20:30 - root - DEBUG (_wrap_methods): Running _wrap_methods for OtherPath
2023-09-14 20:30 - biologics_mpr - DEBUG (loader): reading raw-data
2023-09-14 20:30 - biologics_mpr - DEBUG (_load_mpr_data): label: b'BIO-LOGIC MODULAR FILE\x1a                         \x00\x00\x00\x00'
2023-09-14 20:30 - biologics_mpr - INFO (_load_mpr_data): -reached end of file --exactly at end of file
2023-09-14 20:30 - tzlocal - DEBUG (_get_localzone_name): Looking up time zone info from registry
